<?xml version="1.0" encoding="UTF-8"?>
<!-- Generated by org.testng.reporters.JUnitXMLReporter -->
<testsuite hostname="LAPTOP-DOK5TEHQ" name="Test" tests="1" failures="1" timestamp="19 Dec 2019 04:59:35 GMT" time="76.874" errors="0">
  <testcase name="feature" time="76.381" classname="runner.RunCuke">
    <failure type="cucumber.runtime.CucumberException" message="cucumber.runtime.CucumberException: Arity mismatch: Step Definition &amp;apos;steps.RestaurantsListPageSteps.i_want_to_order_from_the_restaurant_with_highest_ratings_and_delivery(String) in file:/C:/Users/H/Documents/eclipse/Workspace/BMO/target/test-classes/&amp;apos; with pattern [^I want to view menu of the restaurant with highest rating$] is declared with 1 parameters. However, the gherkin step has 0 arguments []. 
Step: And I want to view menu of the restaurant with highest rating">
      <![CDATA[cucumber.runtime.CucumberException: cucumber.runtime.CucumberException: Arity mismatch: Step Definition 'steps.RestaurantsListPageSteps.i_want_to_order_from_the_restaurant_with_highest_ratings_and_delivery(String) in file:/C:/Users/H/Documents/eclipse/Workspace/BMO/target/test-classes/' with pattern [^I want to view menu of the restaurant with highest rating$] is declared with 1 parameters. However, the gherkin step has 0 arguments []. 
Step: And I want to view menu of the restaurant with highest rating
	at cucumber.api.testng.TestNGCucumberRunner.runCucumber(TestNGCucumberRunner.java:69)
	at cucumber.api.testng.AbstractTestNGCucumberTests.feature(AbstractTestNGCucumberTests.java:21)
Caused by: cucumber.runtime.CucumberException: Arity mismatch: Step Definition 'steps.RestaurantsListPageSteps.i_want_to_order_from_the_restaurant_with_highest_ratings_and_delivery(String) in file:/C:/Users/H/Documents/eclipse/Workspace/BMO/target/test-classes/' with pattern [^I want to view menu of the restaurant with highest rating$] is declared with 1 parameters. However, the gherkin step has 0 arguments []. 
Step: And I want to view menu of the restaurant with highest rating
	at cucumber.runtime.StepDefinitionMatch.arityMismatch(StepDefinitionMatch.java:102)
	at cucumber.runtime.StepDefinitionMatch.transformedArgs(StepDefinitionMatch.java:60)
	at cucumber.runtime.StepDefinitionMatch.runStep(StepDefinitionMatch.java:37)
	at cucumber.runtime.Runtime.runStep(Runtime.java:300)
	at cucumber.runtime.model.StepContainer.runStep(StepContainer.java:44)
	at cucumber.runtime.model.StepContainer.runSteps(StepContainer.java:39)
	at cucumber.runtime.model.CucumberScenario.run(CucumberScenario.java:44)
	at cucumber.runtime.model.CucumberFeature.run(CucumberFeature.java:165)
	at cucumber.api.testng.TestNGCucumberRunner.runCucumber(TestNGCucumberRunner.java:63)
	... 25 more
... Removed 24 stack frames]]>
    </failure>
  </testcase> <!-- feature -->
</testsuite> <!-- Test -->
